-------------------------------------------------------------------------------
Test set: com.lvargese.spring.jpa.demo.repository.StudentRepositoryTest
-------------------------------------------------------------------------------
Tests run: 8, Failures: 0, Errors: 6, Skipped: 0, Time elapsed: 0.408 s <<< FAILURE! -- in com.lvargese.spring.jpa.demo.repository.StudentRepositoryTest
com.lvargese.spring.jpa.demo.repository.StudentRepositoryTest.sortRecords -- Time elapsed: 0.065 s <<< ERROR!
org.hibernate.LazyInitializationException: failed to lazily initialize a collection of role: com.lvargese.spring.jpa.demo.entity.Student.courses: could not initialize proxy - no Session
	at org.hibernate.collection.spi.AbstractPersistentCollection.throwLazyInitializationException(AbstractPersistentCollection.java:635)
	at org.hibernate.collection.spi.AbstractPersistentCollection.withTemporarySessionIfNeeded(AbstractPersistentCollection.java:219)
	at org.hibernate.collection.spi.AbstractPersistentCollection.initialize(AbstractPersistentCollection.java:614)
	at org.hibernate.collection.spi.AbstractPersistentCollection.read(AbstractPersistentCollection.java:138)
	at org.hibernate.collection.spi.PersistentBag.toString(PersistentBag.java:587)
	at java.base/java.lang.String.valueOf(String.java:4465)
	at com.lvargese.spring.jpa.demo.entity.Student.toString(Student.java:11)
	at java.base/java.lang.String.valueOf(String.java:4465)
	at java.base/java.lang.StringBuilder.append(StringBuilder.java:173)
	at java.base/java.util.AbstractCollection.toString(AbstractCollection.java:459)
	at java.base/java.lang.String.valueOf(String.java:4465)
	at com.lvargese.spring.jpa.demo.repository.StudentRepositoryTest.sortRecords(StudentRepositoryTest.java:113)
	at java.base/java.lang.reflect.Method.invoke(Method.java:580)
	at java.base/java.util.ArrayList.forEach(ArrayList.java:1596)
	at java.base/java.util.ArrayList.forEach(ArrayList.java:1596)

com.lvargese.spring.jpa.demo.repository.StudentRepositoryTest.paginationWithSort -- Time elapsed: 0.038 s <<< ERROR!
org.hibernate.LazyInitializationException: failed to lazily initialize a collection of role: com.lvargese.spring.jpa.demo.entity.Student.courses: could not initialize proxy - no Session
	at org.hibernate.collection.spi.AbstractPersistentCollection.throwLazyInitializationException(AbstractPersistentCollection.java:635)
	at org.hibernate.collection.spi.AbstractPersistentCollection.withTemporarySessionIfNeeded(AbstractPersistentCollection.java:219)
	at org.hibernate.collection.spi.AbstractPersistentCollection.initialize(AbstractPersistentCollection.java:614)
	at org.hibernate.collection.spi.AbstractPersistentCollection.read(AbstractPersistentCollection.java:138)
	at org.hibernate.collection.spi.PersistentBag.toString(PersistentBag.java:587)
	at java.base/java.lang.String.valueOf(String.java:4465)
	at com.lvargese.spring.jpa.demo.entity.Student.toString(Student.java:11)
	at java.base/java.lang.String.valueOf(String.java:4465)
	at java.base/java.lang.StringBuilder.append(StringBuilder.java:173)
	at java.base/java.util.AbstractCollection.toString(AbstractCollection.java:459)
	at java.base/java.util.Collections$UnmodifiableCollection.toString(Collections.java:1071)
	at java.base/java.lang.String.valueOf(String.java:4465)
	at com.lvargese.spring.jpa.demo.repository.StudentRepositoryTest.paginationWithSort(StudentRepositoryTest.java:121)
	at java.base/java.lang.reflect.Method.invoke(Method.java:580)
	at java.base/java.util.ArrayList.forEach(ArrayList.java:1596)
	at java.base/java.util.ArrayList.forEach(ArrayList.java:1596)

com.lvargese.spring.jpa.demo.repository.StudentRepositoryTest.paginationTest -- Time elapsed: 0.015 s <<< ERROR!
org.hibernate.LazyInitializationException: failed to lazily initialize a collection of role: com.lvargese.spring.jpa.demo.entity.Student.courses: could not initialize proxy - no Session
	at org.hibernate.collection.spi.AbstractPersistentCollection.throwLazyInitializationException(AbstractPersistentCollection.java:635)
	at org.hibernate.collection.spi.AbstractPersistentCollection.withTemporarySessionIfNeeded(AbstractPersistentCollection.java:219)
	at org.hibernate.collection.spi.AbstractPersistentCollection.initialize(AbstractPersistentCollection.java:614)
	at org.hibernate.collection.spi.AbstractPersistentCollection.read(AbstractPersistentCollection.java:138)
	at org.hibernate.collection.spi.PersistentBag.toString(PersistentBag.java:587)
	at java.base/java.lang.String.valueOf(String.java:4465)
	at com.lvargese.spring.jpa.demo.entity.Student.toString(Student.java:11)
	at java.base/java.lang.String.valueOf(String.java:4465)
	at java.base/java.lang.StringBuilder.append(StringBuilder.java:173)
	at java.base/java.util.AbstractCollection.toString(AbstractCollection.java:459)
	at java.base/java.util.Collections$UnmodifiableCollection.toString(Collections.java:1071)
	at java.base/java.lang.String.valueOf(String.java:4465)
	at com.lvargese.spring.jpa.demo.repository.StudentRepositoryTest.paginationTest(StudentRepositoryTest.java:104)
	at java.base/java.lang.reflect.Method.invoke(Method.java:580)
	at java.base/java.util.ArrayList.forEach(ArrayList.java:1596)
	at java.base/java.util.ArrayList.forEach(ArrayList.java:1596)

com.lvargese.spring.jpa.demo.repository.StudentRepositoryTest.getStudentsByPattern -- Time elapsed: 0.013 s <<< ERROR!
org.hibernate.LazyInitializationException: failed to lazily initialize a collection of role: com.lvargese.spring.jpa.demo.entity.Student.courses: could not initialize proxy - no Session
	at org.hibernate.collection.spi.AbstractPersistentCollection.throwLazyInitializationException(AbstractPersistentCollection.java:635)
	at org.hibernate.collection.spi.AbstractPersistentCollection.withTemporarySessionIfNeeded(AbstractPersistentCollection.java:219)
	at org.hibernate.collection.spi.AbstractPersistentCollection.initialize(AbstractPersistentCollection.java:614)
	at org.hibernate.collection.spi.AbstractPersistentCollection.read(AbstractPersistentCollection.java:138)
	at org.hibernate.collection.spi.PersistentBag.toString(PersistentBag.java:587)
	at java.base/java.lang.String.valueOf(String.java:4465)
	at com.lvargese.spring.jpa.demo.entity.Student.toString(Student.java:11)
	at java.base/java.lang.String.valueOf(String.java:4465)
	at java.base/java.lang.StringBuilder.append(StringBuilder.java:173)
	at java.base/java.util.AbstractCollection.toString(AbstractCollection.java:459)
	at java.base/java.lang.String.valueOf(String.java:4465)
	at com.lvargese.spring.jpa.demo.repository.StudentRepositoryTest.getStudentsByPattern(StudentRepositoryTest.java:75)
	at java.base/java.lang.reflect.Method.invoke(Method.java:580)
	at java.base/java.util.ArrayList.forEach(ArrayList.java:1596)
	at java.base/java.util.ArrayList.forEach(ArrayList.java:1596)

com.lvargese.spring.jpa.demo.repository.StudentRepositoryTest.printStudentById -- Time elapsed: 0.070 s <<< ERROR!
org.hibernate.LazyInitializationException: failed to lazily initialize a collection of role: com.lvargese.spring.jpa.demo.entity.Student.courses: could not initialize proxy - no Session
	at org.hibernate.collection.spi.AbstractPersistentCollection.throwLazyInitializationException(AbstractPersistentCollection.java:635)
	at org.hibernate.collection.spi.AbstractPersistentCollection.withTemporarySessionIfNeeded(AbstractPersistentCollection.java:219)
	at org.hibernate.collection.spi.AbstractPersistentCollection.initialize(AbstractPersistentCollection.java:614)
	at org.hibernate.collection.spi.AbstractPersistentCollection.read(AbstractPersistentCollection.java:138)
	at org.hibernate.collection.spi.PersistentBag.toString(PersistentBag.java:587)
	at java.base/java.lang.String.valueOf(String.java:4465)
	at com.lvargese.spring.jpa.demo.entity.Student.toString(Student.java:11)
	at java.base/java.lang.String.valueOf(String.java:4465)
	at com.lvargese.spring.jpa.demo.repository.StudentRepositoryTest.printStudentById(StudentRepositoryTest.java:64)
	at java.base/java.lang.reflect.Method.invoke(Method.java:580)
	at java.base/java.util.ArrayList.forEach(ArrayList.java:1596)
	at java.base/java.util.ArrayList.forEach(ArrayList.java:1596)

com.lvargese.spring.jpa.demo.repository.StudentRepositoryTest.findStudentsContainingUsingPagination -- Time elapsed: 0.029 s <<< ERROR!
org.hibernate.LazyInitializationException: failed to lazily initialize a collection of role: com.lvargese.spring.jpa.demo.entity.Student.courses: could not initialize proxy - no Session
	at org.hibernate.collection.spi.AbstractPersistentCollection.throwLazyInitializationException(AbstractPersistentCollection.java:635)
	at org.hibernate.collection.spi.AbstractPersistentCollection.withTemporarySessionIfNeeded(AbstractPersistentCollection.java:219)
	at org.hibernate.collection.spi.AbstractPersistentCollection.initialize(AbstractPersistentCollection.java:614)
	at org.hibernate.collection.spi.AbstractPersistentCollection.read(AbstractPersistentCollection.java:138)
	at org.hibernate.collection.spi.PersistentBag.toString(PersistentBag.java:587)
	at java.base/java.lang.String.valueOf(String.java:4465)
	at com.lvargese.spring.jpa.demo.entity.Student.toString(Student.java:11)
	at java.base/java.lang.String.valueOf(String.java:4465)
	at java.base/java.lang.StringBuilder.append(StringBuilder.java:173)
	at java.base/java.util.AbstractCollection.toString(AbstractCollection.java:459)
	at java.base/java.util.Collections$UnmodifiableCollection.toString(Collections.java:1071)
	at java.base/java.lang.String.valueOf(String.java:4465)
	at com.lvargese.spring.jpa.demo.repository.StudentRepositoryTest.findStudentsContainingUsingPagination(StudentRepositoryTest.java:130)
	at java.base/java.lang.reflect.Method.invoke(Method.java:580)
	at java.base/java.util.ArrayList.forEach(ArrayList.java:1596)
	at java.base/java.util.ArrayList.forEach(ArrayList.java:1596)

