-------------------------------------------------------------------------------
Test set: com.lvargese.spring.jpa.demo.repository.CourseMaterialRepositoryTest
-------------------------------------------------------------------------------
Tests run: 1, Failures: 0, Errors: 1, Skipped: 0, Time elapsed: 9.152 s <<< FAILURE! -- in com.lvargese.spring.jpa.demo.repository.CourseMaterialRepositoryTest
com.lvargese.spring.jpa.demo.repository.CourseMaterialRepositoryTest.getCourseMaterials -- Time elapsed: 0.910 s <<< ERROR!
org.hibernate.LazyInitializationException: failed to lazily initialize a collection of role: com.lvargese.spring.jpa.demo.entity.Course.students: could not initialize proxy - no Session
	at org.hibernate.collection.spi.AbstractPersistentCollection.throwLazyInitializationException(AbstractPersistentCollection.java:635)
	at org.hibernate.collection.spi.AbstractPersistentCollection.withTemporarySessionIfNeeded(AbstractPersistentCollection.java:219)
	at org.hibernate.collection.spi.AbstractPersistentCollection.initialize(AbstractPersistentCollection.java:614)
	at org.hibernate.collection.spi.AbstractPersistentCollection.read(AbstractPersistentCollection.java:138)
	at org.hibernate.collection.spi.PersistentBag.toString(PersistentBag.java:587)
	at java.base/java.lang.String.valueOf(String.java:4465)
	at com.lvargese.spring.jpa.demo.entity.Course.toString(Course.java:12)
	at java.base/java.lang.String.valueOf(String.java:4465)
	at com.lvargese.spring.jpa.demo.entity.CourseMaterial.toString(CourseMaterial.java:13)
	at java.base/java.lang.String.valueOf(String.java:4465)
	at java.base/java.lang.StringBuilder.append(StringBuilder.java:173)
	at java.base/java.util.AbstractCollection.toString(AbstractCollection.java:459)
	at java.base/java.lang.String.valueOf(String.java:4465)
	at com.lvargese.spring.jpa.demo.repository.CourseMaterialRepositoryTest.getCourseMaterials(CourseMaterialRepositoryTest.java:20)
	at java.base/java.lang.reflect.Method.invoke(Method.java:580)
	at java.base/java.util.ArrayList.forEach(ArrayList.java:1596)
	at java.base/java.util.ArrayList.forEach(ArrayList.java:1596)

